<?xml version="1.0" encoding="UTF-8"?>
<!-- Generated by org.testng.reporters.JUnitReportReporter -->
<testsuite hostname="Babu" failures="0" tests="1" name="seleniumFramework.tests.ErrorValidations" time="4.078" errors="0" timestamp="19 Jun 2024 07:15:08 GMT" skipped="0">
  <testcase classname="seleniumFramework.tests.ErrorValidations" name="loginErrorValidation" time="4.078"/>
</testsuite> <!-- seleniumFramework.tests.ErrorValidations -->
