<?xml version="1.0" encoding="UTF-8"?>
<!-- Generated by org.testng.reporters.JUnitReportReporter -->
<testsuite hostname="Babu" failures="0" tests="2" name="cucumber.TestNGTestRunner" time="27.946" errors="0" timestamp="19 Jun 2024 05:27:24 GMT" skipped="0">
  <testcase classname="cucumber.TestNGTestRunner" name="runScenario" time="12.521"/>
  <testcase classname="cucumber.TestNGTestRunner" name="runScenario" time="15.425"/>
</testsuite> <!-- cucumber.TestNGTestRunner -->
