<?xml version="1.0" encoding="UTF-8"?>
<!-- Generated by org.testng.reporters.JUnitReportReporter -->
<testsuite hostname="Babu" failures="0" tests="1" name="seleniumFramework.StandAloneTest" time="13.924" errors="0" timestamp="11 Jun 2024 12:33:21 GMT" skipped="0">
  <testcase classname="seleniumFramework.StandAloneTest" name="cartTest" time="13.924"/>
</testsuite> <!-- seleniumFramework.StandAloneTest -->
