<?xml version="1.0" encoding="UTF-8"?>
<!-- Generated by org.testng.reporters.JUnitReportReporter -->
<testsuite hostname="Babu" failures="0" tests="2" name="seleniumFramework.tests.SubmitOrderTest" time="17.169" errors="0" timestamp="19 Jun 2024 09:13:32 GMT" skipped="0">
  <testcase classname="seleniumFramework.tests.SubmitOrderTest" name="submitOrder" time="9.739"/>
  <testcase classname="seleniumFramework.tests.SubmitOrderTest" name="submitOrder" time="7.430"/>
</testsuite> <!-- seleniumFramework.tests.SubmitOrderTest -->
