<?xml version="1.0" encoding="UTF-8"?>
<!-- Generated by org.testng.reporters.JUnitReportReporter -->
<testsuite hostname="Babu" failures="0" tests="1" name="cucumber.TestNGTestRunner" time="13.982" errors="0" timestamp="19 Jun 2024 06:41:18 GMT" skipped="0">
  <testcase classname="cucumber.TestNGTestRunner" name="runScenario" time="13.982"/>
</testsuite> <!-- cucumber.TestNGTestRunner -->
