<?xml version="1.0" encoding="UTF-8"?>
<!-- Generated by org.testng.reporters.JUnitReportReporter -->
<testsuite hostname="Babu" failures="0" tests="1" name="seleniumFramework.tests.StandAloneTest" time="13.372" errors="0" timestamp="16 Jun 2024 09:49:05 GMT" skipped="0">
  <testcase classname="seleniumFramework.tests.StandAloneTest" name="cartTest" time="13.372"/>
</testsuite> <!-- seleniumFramework.tests.StandAloneTest -->
