<?xml version="1.0" encoding="UTF-8"?>
<!-- Generated by org.testng.reporters.JUnitReportReporter -->
<testsuite hostname="Babu" failures="0" tests="2" name="seleniumFramework.tests.ErrorValidations" time="32.541" errors="0" timestamp="16 Jun 2024 17:22:34 GMT" skipped="0">
  <testcase classname="seleniumFramework.tests.ErrorValidations" name="loginErrorValidation" time="14.771"/>
  <testcase classname="seleniumFramework.tests.ErrorValidations" name="productErroeValidation" time="17.770"/>
</testsuite> <!-- seleniumFramework.tests.ErrorValidations -->
