<?xml version="1.0" encoding="UTF-8"?>
<!-- Generated by org.testng.reporters.JUnitReportReporter -->
<testsuite hostname="Babu" failures="0" tests="3" name="seleniumFramework.tests.SubmitOrderTest" time="45.312" errors="0" timestamp="16 Jun 2024 17:22:34 GMT" skipped="0">
  <testcase classname="seleniumFramework.tests.SubmitOrderTest" name="submitOrder" time="13.930"/>
  <testcase classname="seleniumFramework.tests.SubmitOrderTest" name="submitOrder" time="24.152"/>
  <testcase classname="seleniumFramework.tests.SubmitOrderTest" name="OrderHistoryTest" time="7.230"/>
</testsuite> <!-- seleniumFramework.tests.SubmitOrderTest -->
